2024-11-21 14:16:10.781 [main] DataDrivenTests - ************* Creating user *********************************
2024-11-21 14:16:12.104 [main] DataDrivenTests - ****************** User is created ***********************
2024-11-21 14:16:12.112 [main] DataDrivenTests - ************* Creating user *********************************
2024-11-21 14:16:13.425 [main] DataDrivenTests - ****************** User is created ***********************
2024-11-21 14:16:13.429 [main] DataDrivenTests - ************* Creating user *********************************
2024-11-21 14:16:14.758 [main] DataDrivenTests - ****************** User is created ***********************
2024-11-21 14:16:14.763 [main] DataDrivenTests - ************* Creating user *********************************
2024-11-21 14:16:16.128 [main] DataDrivenTests - ****************** User is created ***********************
2024-11-21 14:16:16.228 [main] DataDrivenTests - ****************** Reading User Info  ***********************
2024-11-21 14:16:17.536 [main] DataDrivenTests - ****************** Reading User Info  ***********************
2024-11-21 14:16:18.883 [main] DataDrivenTests - ****************** Reading User Info  ***********************
2024-11-21 14:16:20.215 [main] DataDrivenTests - ****************** Reading User Info  ***********************
2024-11-21 14:16:21.570 [main] DataDrivenTests - ****************** Reading User Info  ***********************
2024-11-21 14:16:22.938 [main] DataDrivenTests - ****************** User info is displayed ***********************
2024-11-21 14:16:22.940 [main] DataDrivenTests - ****************** Reading User Info  ***********************
2024-11-21 14:16:24.203 [main] DataDrivenTests - ****************** User info is displayed ***********************
2024-11-21 14:16:24.206 [main] DataDrivenTests - ****************** Reading User Info  ***********************
2024-11-21 14:16:25.478 [main] DataDrivenTests - ****************** User info is displayed ***********************
2024-11-21 14:16:25.759 [main] DataDrivenTests - ****************** Updating User ***********************
2024-11-21 14:16:27.097 [main] DataDrivenTests - ****************** User is Updated ***********************
2024-11-21 14:16:27.100 [main] DataDrivenTests - ****************** Updating User ***********************
2024-11-21 14:16:28.431 [main] DataDrivenTests - ****************** User is Updated ***********************
2024-11-21 14:16:28.433 [main] DataDrivenTests - ****************** Updating User ***********************
2024-11-21 14:16:29.705 [main] DataDrivenTests - ****************** User is Updated ***********************
2024-11-21 14:16:29.777 [main] DataDrivenTests - ****************** Deleting User  ***********************
2024-11-21 14:16:31.051 [main] DataDrivenTests - ****************** Deleting User  ***********************
2024-11-21 14:16:32.378 [main] DataDrivenTests - ****************** Deleting User  ***********************
2024-11-21 14:16:33.670 [main] DataDrivenTests - ****************** Deleting User  ***********************
2024-11-21 14:16:34.945 [main] DataDrivenTests - ****************** Deleting User  ***********************
2024-11-21 14:16:36.210 [main] DataDrivenTests - ****************** User deleted ***********************
2024-11-21 14:16:36.212 [main] DataDrivenTests - ****************** Deleting User  ***********************
2024-11-21 14:16:37.545 [main] DataDrivenTests - ****************** User deleted ***********************
2024-11-21 14:16:37.547 [main] DataDrivenTests - ****************** Deleting User  ***********************
2024-11-21 14:16:38.827 [main] DataDrivenTests - ****************** User deleted ***********************
2024-11-21 14:33:49.874 [main] DataDrivenTests - ************* Creating user *********************************
2024-11-21 14:33:53.482 [main] DataDrivenTests - ****************** User is created ***********************
2024-11-21 14:33:53.496 [main] DataDrivenTests - ************* Creating user *********************************
2024-11-21 14:33:54.820 [main] DataDrivenTests - ****************** User is created ***********************
2024-11-21 14:33:54.825 [main] DataDrivenTests - ************* Creating user *********************************
2024-11-21 14:33:56.117 [main] DataDrivenTests - ****************** User is created ***********************
2024-11-21 14:33:56.180 [main] DataDrivenTests - ****************** Reading User Info  ***********************
2024-11-21 14:33:57.572 [main] DataDrivenTests - ****************** User info is displayed ***********************
2024-11-21 14:33:57.574 [main] DataDrivenTests - ****************** Reading User Info  ***********************
2024-11-21 14:33:58.852 [main] DataDrivenTests - ****************** User info is displayed ***********************
2024-11-21 14:33:58.855 [main] DataDrivenTests - ****************** Reading User Info  ***********************
2024-11-21 14:34:00.196 [main] DataDrivenTests - ****************** User info is displayed ***********************
