2024-11-23 18:16:57.167 [main] DataDrivenTests - ****************** User is created ***********************
2024-11-23 18:16:57.202 [main] DataDrivenTests - ************* Creating user *********************************
2024-11-23 18:16:58.805 [main] DataDrivenTests - ****************** User is created ***********************
2024-11-23 18:16:58.952 [main] DataDrivenTests - ****************** Reading User Info  ***********************
2024-11-23 18:17:00.724 [main] DataDrivenTests - ****************** User info is displayed ***********************
2024-11-23 18:17:00.725 [main] DataDrivenTests - ****************** Reading User Info  ***********************
2024-11-23 18:17:02.596 [main] DataDrivenTests - ****************** User info is displayed ***********************
2024-11-23 18:17:02.598 [main] DataDrivenTests - ****************** Reading User Info  ***********************
2024-11-23 18:17:04.237 [main] DataDrivenTests - ****************** User info is displayed ***********************
2024-11-23 18:17:04.919 [main] DataDrivenTests - ****************** Updating User ***********************
2024-11-23 18:17:06.585 [main] DataDrivenTests - ****************** User is Updated ***********************
2024-11-23 18:17:06.587 [main] DataDrivenTests - ****************** Updating User ***********************
2024-11-23 18:17:08.128 [main] DataDrivenTests - ****************** User is Updated ***********************
2024-11-23 18:17:08.129 [main] DataDrivenTests - ****************** Updating User ***********************
2024-11-23 18:17:09.891 [main] DataDrivenTests - ****************** User is Updated ***********************
2024-11-23 18:17:09.999 [main] DataDrivenTests - ****************** Deleting User  ***********************
2024-11-23 18:17:11.722 [main] DataDrivenTests - ****************** User deleted ***********************
2024-11-23 18:17:11.724 [main] DataDrivenTests - ****************** Deleting User  ***********************
2024-11-23 18:17:13.391 [main] DataDrivenTests - ****************** User deleted ***********************
2024-11-23 18:17:13.393 [main] DataDrivenTests - ****************** Deleting User  ***********************
2024-11-23 18:17:15.364 [main] DataDrivenTests - ****************** User deleted ***********************
2024-11-23 18:53:12.198 [main] DataDrivenTests - ************* Creating user *********************************
2024-11-23 18:53:15.780 [main] DataDrivenTests - ****************** User is created ***********************
2024-11-23 18:53:15.782 [main] DataDrivenTests - ************* Creating user *********************************
2024-11-23 18:53:17.273 [main] DataDrivenTests - ****************** User is created ***********************
2024-11-23 18:53:17.274 [main] DataDrivenTests - ************* Creating user *********************************
2024-11-23 18:53:18.657 [main] DataDrivenTests - ****************** User is created ***********************
2024-11-23 18:53:18.726 [main] DataDrivenTests - ****************** Reading User Info  ***********************
2024-11-23 18:53:20.412 [main] DataDrivenTests - ****************** User info is displayed ***********************
2024-11-23 18:53:20.412 [main] DataDrivenTests - ****************** Reading User Info  ***********************
2024-11-23 18:53:21.940 [main] DataDrivenTests - ****************** User info is displayed ***********************
2024-11-23 18:53:21.941 [main] DataDrivenTests - ****************** Reading User Info  ***********************
2024-11-23 18:53:23.739 [main] DataDrivenTests - ****************** User info is displayed ***********************
2024-11-23 18:53:24.087 [main] DataDrivenTests - ****************** Updating User ***********************
2024-11-23 18:53:25.675 [main] DataDrivenTests - ****************** User is Updated ***********************
2024-11-23 18:53:25.676 [main] DataDrivenTests - ****************** Updating User ***********************
2024-11-23 18:53:27.019 [main] DataDrivenTests - ****************** User is Updated ***********************
2024-11-23 18:53:27.020 [main] DataDrivenTests - ****************** Updating User ***********************
2024-11-23 18:53:28.359 [main] DataDrivenTests - ****************** User is Updated ***********************
2024-11-23 18:53:28.407 [main] DataDrivenTests - ****************** Deleting User  ***********************
2024-11-23 18:53:29.594 [main] DataDrivenTests - ****************** User deleted ***********************
2024-11-23 18:53:29.597 [main] DataDrivenTests - ****************** Deleting User  ***********************
2024-11-23 18:53:31.302 [main] DataDrivenTests - ****************** User deleted ***********************
2024-11-23 18:53:31.303 [main] DataDrivenTests - ****************** Deleting User  ***********************
2024-11-23 18:53:32.835 [main] DataDrivenTests - ****************** User deleted ***********************
