2024-11-21 14:34:00.456 [main] DataDrivenTests - ****************** Updating User ***********************
2024-11-21 14:34:01.743 [main] DataDrivenTests - ****************** User is Updated ***********************
2024-11-21 14:34:01.746 [main] DataDrivenTests - ****************** Updating User ***********************
2024-11-21 14:34:03.019 [main] DataDrivenTests - ****************** User is Updated ***********************
2024-11-21 14:34:03.021 [main] DataDrivenTests - ****************** Updating User ***********************
2024-11-21 14:34:04.289 [main] DataDrivenTests - ****************** User is Updated ***********************
2024-11-21 14:34:04.338 [main] DataDrivenTests - ****************** Deleting User  ***********************
2024-11-21 14:34:05.668 [main] DataDrivenTests - ****************** User deleted ***********************
2024-11-21 14:34:05.669 [main] DataDrivenTests - ****************** Deleting User  ***********************
2024-11-21 14:34:06.991 [main] DataDrivenTests - ****************** User deleted ***********************
2024-11-21 14:34:06.994 [main] DataDrivenTests - ****************** Deleting User  ***********************
2024-11-21 14:34:08.343 [main] DataDrivenTests - ****************** User deleted ***********************
2024-11-21 21:10:56.710 [main] UserTest2 - ************* Creating user *********************************
2024-11-21 21:10:59.630 [main] UserTest2 - ****************** User is created ***********************
2024-11-21 21:10:59.645 [main] UserTest2 - ****************** Reading User Info  ***********************
2024-11-21 21:11:01.199 [main] UserTest2 - ****************** User info is displayed ***********************
2024-11-21 21:11:01.207 [main] UserTest2 - ****************** Updating User ***********************
2024-11-21 21:11:02.836 [main] UserTest2 - ****************** User is Updated ***********************
2024-11-21 21:11:04.692 [main] UserTest2 - ****************** Deleting User  ***********************
2024-11-21 21:11:07.234 [main] UserTest2 - ****************** User deleted ***********************
2024-11-23 18:10:45.201 [main] DataDrivenTests - ************* Creating user *********************************
2024-11-23 18:10:48.971 [main] DataDrivenTests - ****************** User is created ***********************
2024-11-23 18:10:48.973 [main] DataDrivenTests - ************* Creating user *********************************
2024-11-23 18:10:50.675 [main] DataDrivenTests - ****************** User is created ***********************
2024-11-23 18:10:50.676 [main] DataDrivenTests - ************* Creating user *********************************
2024-11-23 18:10:52.211 [main] DataDrivenTests - ****************** User is created ***********************
2024-11-23 18:10:52.281 [main] DataDrivenTests - ****************** Reading User Info  ***********************
2024-11-23 18:10:53.884 [main] DataDrivenTests - ****************** User info is displayed ***********************
2024-11-23 18:10:53.885 [main] DataDrivenTests - ****************** Reading User Info  ***********************
2024-11-23 18:10:55.900 [main] DataDrivenTests - ****************** User info is displayed ***********************
2024-11-23 18:10:55.901 [main] DataDrivenTests - ****************** Reading User Info  ***********************
2024-11-23 18:10:57.434 [main] DataDrivenTests - ****************** User info is displayed ***********************
2024-11-23 18:10:57.755 [main] DataDrivenTests - ****************** Updating User ***********************
2024-11-23 18:10:59.582 [main] DataDrivenTests - ****************** User is Updated ***********************
2024-11-23 18:10:59.583 [main] DataDrivenTests - ****************** Updating User ***********************
2024-11-23 18:11:01.324 [main] DataDrivenTests - ****************** User is Updated ***********************
2024-11-23 18:11:01.325 [main] DataDrivenTests - ****************** Updating User ***********************
2024-11-23 18:11:02.801 [main] DataDrivenTests - ****************** User is Updated ***********************
2024-11-23 18:11:02.844 [main] DataDrivenTests - ****************** Deleting User  ***********************
2024-11-23 18:11:04.398 [main] DataDrivenTests - ****************** User deleted ***********************
2024-11-23 18:11:04.399 [main] DataDrivenTests - ****************** Deleting User  ***********************
2024-11-23 18:11:05.931 [main] DataDrivenTests - ****************** User deleted ***********************
2024-11-23 18:11:05.932 [main] DataDrivenTests - ****************** Deleting User  ***********************
2024-11-23 18:11:07.469 [main] DataDrivenTests - ****************** User deleted ***********************
2024-11-23 18:16:52.080 [main] DataDrivenTests - ************* Creating user *********************************
2024-11-23 18:16:55.482 [main] DataDrivenTests - ****************** User is created ***********************
2024-11-23 18:16:55.487 [main] DataDrivenTests - ************* Creating user *********************************
